<?xml version="1.0" encoding="UTF-8"?>
<!-- Generated by org.testng.reporters.JUnitReportReporter -->
<testsuite skipped="0" hostname="WidasVenkatesh" name="com.crm.qa.testcases.LoginPageTest" tests="7" failures="0" timestamp="03 Nov 2017 08:11:26 GMT" time="175.222" errors="0">
  <testcase name="loginLogout" time="54.734" classname="com.crm.qa.testcases.LoginPageTest"/>
  <testcase name="loginLogoutvalidation" time="16.243" classname="com.crm.qa.testcases.LoginPageTest"/>
  <testcase name="loginLogoutvalidation1" time="20.691" classname="com.crm.qa.testcases.LoginPageTest"/>
  <testcase name="loginLogoutvalidation2" time="21.755" classname="com.crm.qa.testcases.LoginPageTest"/>
  <testcase name="forgotpassword" time="20.376" classname="com.crm.qa.testcases.LoginPageTest"/>
  <testcase name="forgotpasswordVal1" time="22.116" classname="com.crm.qa.testcases.LoginPageTest"/>
  <testcase name="forgotpasswordVal2" time="19.307" classname="com.crm.qa.testcases.LoginPageTest"/>
</testsuite> <!-- com.crm.qa.testcases.LoginPageTest -->
