<?xml version="1.0" encoding="UTF-8"?>
<!-- Generated by org.testng.reporters.JUnitReportReporter -->
<testsuite skipped="0" hostname="WidasVenkatesh" name="com.crm.qa.testcases.Invite_Vehicle" tests="2" failures="0" timestamp="03 Nov 2017 08:11:26 GMT" time="101.483" errors="0">
  <testcase name="InviteVehicle1" time="48.752" classname="com.crm.qa.testcases.Invite_Vehicle"/>
  <testcase name="InviteVehicle2" time="52.731" classname="com.crm.qa.testcases.Invite_Vehicle"/>
</testsuite> <!-- com.crm.qa.testcases.Invite_Vehicle -->
